[debug] [2023-04-01T21:08:56.286Z] ----------------------------------------------------------------------
[debug] [2023-04-01T21:08:56.289Z] Command:       C:\Program Files\nodejs\node.exe C:\Users\DELL\AppData\Roaming\npm\node_modules\firebase-tools\lib\bin\firebase.js init
[debug] [2023-04-01T21:08:56.290Z] CLI Version:   11.25.2
[debug] [2023-04-01T21:08:56.290Z] Platform:      win32
[debug] [2023-04-01T21:08:56.291Z] Node Version:  v18.14.2
[debug] [2023-04-01T21:08:56.292Z] Time:          Sun Apr 02 2023 03:08:56 GMT+0600 (Bangladesh Standard Time)
[debug] [2023-04-01T21:08:56.293Z] ----------------------------------------------------------------------
[debug] 
[debug] [2023-04-01T21:08:56.308Z] > command requires scopes: ["email","openid","https://www.googleapis.com/auth/cloudplatformprojects.readonly","https://www.googleapis.com/auth/firebase","https://www.googleapis.com/auth/cloud-platform"]
[debug] [2023-04-01T21:08:56.309Z] > authorizing via signed-in user (mushfikmaruf@gmail.com)
[info] 
     ######## #### ########  ######## ########     ###     ######  ########
     ##        ##  ##     ## ##       ##     ##  ##   ##  ##       ##
     ######    ##  ########  ######   ########  #########  ######  ######
     ##        ##  ##    ##  ##       ##     ## ##     ##       ## ##
     ##       #### ##     ## ######## ########  ##     ##  ######  ########

You're about to initialize a Firebase project in this directory:

  C:\Users\DELL\Desktop\ReactNative\dashlife

[info] 
=== Project Setup
[info] 
[info] First, let's associate this project directory with a Firebase project.
[info] You can create multiple project aliases by running firebase use --add, 
[info] but for now we'll just set up a default project.
[info] 
[debug] [2023-04-01T21:11:20.045Z] >>> [apiv2][query] GET https://firebase.googleapis.com/v1beta1/projects pageSize=100
[debug] [2023-04-01T21:11:21.264Z] <<< [apiv2][status] GET https://firebase.googleapis.com/v1beta1/projects 200
[debug] [2023-04-01T21:11:21.264Z] <<< [apiv2][body] GET https://firebase.googleapis.com/v1beta1/projects [omitted]
[info] i  Using project dashlife-18e38 (DashLife) 
[info] 
=== Database Setup
[info] i  database: ensuring required API firebasedatabase.googleapis.com is enabled... 
[debug] [2023-04-01T21:11:26.901Z] >>> [apiv2][query] GET https://serviceusage.googleapis.com/v1/projects/dashlife-18e38/services/firebasedatabase.googleapis.com [none]
[debug] [2023-04-01T21:11:26.901Z] >>> [apiv2][(partial)header] GET https://serviceusage.googleapis.com/v1/projects/dashlife-18e38/services/firebasedatabase.googleapis.com x-goog-quota-user=projects/dashlife-18e38
[debug] [2023-04-01T21:11:28.843Z] <<< [apiv2][status] GET https://serviceusage.googleapis.com/v1/projects/dashlife-18e38/services/firebasedatabase.googleapis.com 200
[debug] [2023-04-01T21:11:28.843Z] <<< [apiv2][body] GET https://serviceusage.googleapis.com/v1/projects/dashlife-18e38/services/firebasedatabase.googleapis.com [omitted]
[warn] !  database: missing required API firebasedatabase.googleapis.com. Enabling now... 
[debug] [2023-04-01T21:11:28.845Z] >>> [apiv2][query] POST https://serviceusage.googleapis.com/v1/projects/dashlife-18e38/services/firebasedatabase.googleapis.com:enable [none]
[debug] [2023-04-01T21:11:28.845Z] >>> [apiv2][(partial)header] POST https://serviceusage.googleapis.com/v1/projects/dashlife-18e38/services/firebasedatabase.googleapis.com:enable x-goog-quota-user=projects/dashlife-18e38
[debug] [2023-04-01T21:11:30.858Z] <<< [apiv2][status] POST https://serviceusage.googleapis.com/v1/projects/dashlife-18e38/services/firebasedatabase.googleapis.com:enable 200
[debug] [2023-04-01T21:11:30.858Z] <<< [apiv2][body] POST https://serviceusage.googleapis.com/v1/projects/dashlife-18e38/services/firebasedatabase.googleapis.com:enable [omitted]
[debug] [2023-04-01T21:11:40.867Z] >>> [apiv2][query] GET https://serviceusage.googleapis.com/v1/projects/dashlife-18e38/services/firebasedatabase.googleapis.com [none]
[debug] [2023-04-01T21:11:40.868Z] >>> [apiv2][(partial)header] GET https://serviceusage.googleapis.com/v1/projects/dashlife-18e38/services/firebasedatabase.googleapis.com x-goog-quota-user=projects/dashlife-18e38
[debug] [2023-04-01T21:11:41.548Z] <<< [apiv2][status] GET https://serviceusage.googleapis.com/v1/projects/dashlife-18e38/services/firebasedatabase.googleapis.com 200
[debug] [2023-04-01T21:11:41.548Z] <<< [apiv2][body] GET https://serviceusage.googleapis.com/v1/projects/dashlife-18e38/services/firebasedatabase.googleapis.com [omitted]
[info] +  database: required API firebasedatabase.googleapis.com is enabled 
[info] 
[debug] [2023-04-01T21:11:41.557Z] >>> [apiv2][query] GET https://firebase.googleapis.com/v1beta1/projects/dashlife-18e38 [none]
[debug] [2023-04-01T21:11:42.329Z] <<< [apiv2][status] GET https://firebase.googleapis.com/v1beta1/projects/dashlife-18e38 200
[debug] [2023-04-01T21:11:42.329Z] <<< [apiv2][body] GET https://firebase.googleapis.com/v1beta1/projects/dashlife-18e38 {"projectId":"dashlife-18e38","projectNumber":"491082458643","displayName":"DashLife","name":"projects/dashlife-18e38","resources":{"hostingSite":"dashlife-18e38"},"state":"ACTIVE","etag":"1_5fc5db21-2e75-43ed-a259-d3f1a12b8b09"}
[info] 
[info] Firebase Realtime Database Security Rules allow you to define how your data should be
[info] structured and when your data can be read from and written to.
[info] 
[info] +  Default rules have been written to database.rules.json. 
[info] Future modifications to database.rules.json will update Realtime Database Security Rules when you run
[info] firebase deploy.
[info] 
=== Firestore Setup
[debug] [2023-04-01T21:12:04.133Z] >>> [apiv2][query] GET https://serviceusage.googleapis.com/v1/projects/dashlife-18e38/services/firestore.googleapis.com [none]
[debug] [2023-04-01T21:12:04.133Z] >>> [apiv2][(partial)header] GET https://serviceusage.googleapis.com/v1/projects/dashlife-18e38/services/firestore.googleapis.com x-goog-quota-user=projects/dashlife-18e38
[debug] [2023-04-01T21:12:04.785Z] <<< [apiv2][status] GET https://serviceusage.googleapis.com/v1/projects/dashlife-18e38/services/firestore.googleapis.com 200
[debug] [2023-04-01T21:12:04.785Z] <<< [apiv2][body] GET https://serviceusage.googleapis.com/v1/projects/dashlife-18e38/services/firestore.googleapis.com [omitted]
[debug] [2023-04-01T21:12:04.785Z] >>> [apiv2][query] GET https://firestore.googleapis.com/v1/projects/dashlife-18e38/databases/(default) [none]
[debug] [2023-04-01T21:12:06.620Z] <<< [apiv2][status] GET https://firestore.googleapis.com/v1/projects/dashlife-18e38/databases/(default) 200
[debug] [2023-04-01T21:12:06.620Z] <<< [apiv2][body] GET https://firestore.googleapis.com/v1/projects/dashlife-18e38/databases/(default) {"name":"projects/dashlife-18e38/databases/(default)","uid":"ebbed58a-5802-403e-a9a0-7bdbab065384","createTime":"2023-04-01T15:11:55.857719Z","updateTime":"2023-04-01T15:11:55.857719Z","locationId":"nam5","type":"FIRESTORE_NATIVE","concurrencyMode":"PESSIMISTIC","appEngineIntegrationMode":"DISABLED","keyPrefix":"s","deleteProtectionState":"DELETE_PROTECTION_DISABLED","etag":"IJ2WiLnMif4CMOrP4Jj8iP4C"}
[debug] [2023-04-01T21:12:06.620Z] database_type: FIRESTORE_NATIVE
[debug] [2023-04-01T21:12:06.620Z] > command requires scopes: ["email","openid","https://www.googleapis.com/auth/cloudplatformprojects.readonly","https://www.googleapis.com/auth/firebase","https://www.googleapis.com/auth/cloud-platform"]
[debug] [2023-04-01T21:12:06.621Z] > authorizing via signed-in user (mushfikmaruf@gmail.com)
[debug] [2023-04-01T21:12:06.621Z] [iam] checking project dashlife-18e38 for permissions ["firebase.projects.get"]
[debug] [2023-04-01T21:12:06.622Z] >>> [apiv2][query] POST https://cloudresourcemanager.googleapis.com/v1/projects/dashlife-18e38:testIamPermissions [none]
[debug] [2023-04-01T21:12:06.622Z] >>> [apiv2][(partial)header] POST https://cloudresourcemanager.googleapis.com/v1/projects/dashlife-18e38:testIamPermissions x-goog-quota-user=projects/dashlife-18e38
[debug] [2023-04-01T21:12:06.622Z] >>> [apiv2][body] POST https://cloudresourcemanager.googleapis.com/v1/projects/dashlife-18e38:testIamPermissions {"permissions":["firebase.projects.get"]}
[debug] [2023-04-01T21:12:08.121Z] <<< [apiv2][status] POST https://cloudresourcemanager.googleapis.com/v1/projects/dashlife-18e38:testIamPermissions 200
[debug] [2023-04-01T21:12:08.121Z] <<< [apiv2][body] POST https://cloudresourcemanager.googleapis.com/v1/projects/dashlife-18e38:testIamPermissions {"permissions":["firebase.projects.get"]}
[info] 
[info] Firestore Security Rules allow you to define how and when to allow
[info] requests. You can keep these rules in your project directory
[info] and publish them with firebase deploy.
[info] 
[debug] [2023-04-01T21:12:12.176Z] >>> [apiv2][query] GET https://firebaserules.googleapis.com/v1/projects/dashlife-18e38/releases pageSize=10&pageToken=
[debug] [2023-04-01T21:12:13.890Z] <<< [apiv2][status] GET https://firebaserules.googleapis.com/v1/projects/dashlife-18e38/releases 200
[debug] [2023-04-01T21:12:13.891Z] <<< [apiv2][body] GET https://firebaserules.googleapis.com/v1/projects/dashlife-18e38/releases {"releases":[{"name":"projects/dashlife-18e38/releases/cloud.firestore","rulesetName":"projects/dashlife-18e38/rulesets/c9d7a312-9360-489a-9828-01d1edfe59d8","createTime":"2023-04-01T15:12:04.325582Z","updateTime":"2023-04-01T15:15:29.171831Z"}]}
[debug] [2023-04-01T21:12:13.891Z] Found ruleset: projects/dashlife-18e38/rulesets/c9d7a312-9360-489a-9828-01d1edfe59d8
[debug] [2023-04-01T21:12:13.892Z] >>> [apiv2][query] GET https://firebaserules.googleapis.com/v1/projects/dashlife-18e38/rulesets/c9d7a312-9360-489a-9828-01d1edfe59d8 [none]
[debug] [2023-04-01T21:12:15.570Z] <<< [apiv2][status] GET https://firebaserules.googleapis.com/v1/projects/dashlife-18e38/rulesets/c9d7a312-9360-489a-9828-01d1edfe59d8 200
[debug] [2023-04-01T21:12:15.571Z] <<< [apiv2][body] GET https://firebaserules.googleapis.com/v1/projects/dashlife-18e38/rulesets/c9d7a312-9360-489a-9828-01d1edfe59d8 [omitted]
[info] 
[info] Firestore indexes allow you to perform complex queries while
[info] maintaining performance that scales with the size of the result
[info] set. You can keep index definitions in your project directory
[info] and publish them with firebase deploy.
[info] 
[debug] [2023-04-01T21:12:17.922Z] >>> [apiv2][query] GET https://firestore.googleapis.com/v1/projects/dashlife-18e38/databases/(default)/collectionGroups/-/indexes [none]
[debug] [2023-04-01T21:12:17.929Z] >>> [apiv2][query] GET https://firestore.googleapis.com/v1/projects/dashlife-18e38/databases/(default)/collectionGroups/-/fields?filter=indexConfig.usesAncestorConfig=false OR ttlConfig:* [none]
[debug] [2023-04-01T21:12:19.719Z] <<< [apiv2][status] GET https://firestore.googleapis.com/v1/projects/dashlife-18e38/databases/(default)/collectionGroups/-/fields?filter=indexConfig.usesAncestorConfig=false OR ttlConfig:* 200
[debug] [2023-04-01T21:12:19.719Z] <<< [apiv2][body] GET https://firestore.googleapis.com/v1/projects/dashlife-18e38/databases/(default)/collectionGroups/-/fields?filter=indexConfig.usesAncestorConfig=false OR ttlConfig:* {"fields":[{"name":"projects/dashlife-18e38/databases/(default)/collectionGroups/__default__/fields/*","indexConfig":{"indexes":[{"queryScope":"COLLECTION","fields":[{"fieldPath":"*","order":"ASCENDING"}],"state":"READY"},{"queryScope":"COLLECTION","fields":[{"fieldPath":"*","order":"DESCENDING"}],"state":"READY"},{"queryScope":"COLLECTION","fields":[{"fieldPath":"*","arrayConfig":"CONTAINS"}],"state":"READY"}]}}]}
[debug] [2023-04-01T21:12:19.730Z] <<< [apiv2][status] GET https://firestore.googleapis.com/v1/projects/dashlife-18e38/databases/(default)/collectionGroups/-/indexes 200
[debug] [2023-04-01T21:12:19.731Z] <<< [apiv2][body] GET https://firestore.googleapis.com/v1/projects/dashlife-18e38/databases/(default)/collectionGroups/-/indexes {}
[info] 
=== Functions Setup
[debug] [2023-04-01T21:12:19.734Z] > command requires scopes: ["email","openid","https://www.googleapis.com/auth/cloudplatformprojects.readonly","https://www.googleapis.com/auth/firebase","https://www.googleapis.com/auth/cloud-platform"]
[debug] [2023-04-01T21:12:19.735Z] > authorizing via signed-in user (mushfikmaruf@gmail.com)
[debug] [2023-04-01T21:12:19.735Z] [iam] checking project dashlife-18e38 for permissions ["firebase.projects.get"]
[debug] [2023-04-01T21:12:19.735Z] >>> [apiv2][query] POST https://cloudresourcemanager.googleapis.com/v1/projects/dashlife-18e38:testIamPermissions [none]
[debug] [2023-04-01T21:12:19.735Z] >>> [apiv2][(partial)header] POST https://cloudresourcemanager.googleapis.com/v1/projects/dashlife-18e38:testIamPermissions x-goog-quota-user=projects/dashlife-18e38
[debug] [2023-04-01T21:12:19.736Z] >>> [apiv2][body] POST https://cloudresourcemanager.googleapis.com/v1/projects/dashlife-18e38:testIamPermissions {"permissions":["firebase.projects.get"]}
[debug] [2023-04-01T21:12:20.232Z] <<< [apiv2][status] POST https://cloudresourcemanager.googleapis.com/v1/projects/dashlife-18e38:testIamPermissions 200
[debug] [2023-04-01T21:12:20.232Z] <<< [apiv2][body] POST https://cloudresourcemanager.googleapis.com/v1/projects/dashlife-18e38:testIamPermissions {"permissions":["firebase.projects.get"]}
[debug] [2023-04-01T21:12:20.233Z] >>> [apiv2][query] GET https://serviceusage.googleapis.com/v1/projects/dashlife-18e38/services/cloudfunctions.googleapis.com [none]
[debug] [2023-04-01T21:12:20.233Z] >>> [apiv2][(partial)header] GET https://serviceusage.googleapis.com/v1/projects/dashlife-18e38/services/cloudfunctions.googleapis.com x-goog-quota-user=projects/dashlife-18e38
[debug] [2023-04-01T21:12:20.236Z] >>> [apiv2][query] GET https://serviceusage.googleapis.com/v1/projects/dashlife-18e38/services/runtimeconfig.googleapis.com [none]
[debug] [2023-04-01T21:12:20.236Z] >>> [apiv2][(partial)header] GET https://serviceusage.googleapis.com/v1/projects/dashlife-18e38/services/runtimeconfig.googleapis.com x-goog-quota-user=projects/dashlife-18e38
[debug] [2023-04-01T21:12:20.891Z] <<< [apiv2][status] GET https://serviceusage.googleapis.com/v1/projects/dashlife-18e38/services/runtimeconfig.googleapis.com 200
[debug] [2023-04-01T21:12:20.892Z] <<< [apiv2][body] GET https://serviceusage.googleapis.com/v1/projects/dashlife-18e38/services/runtimeconfig.googleapis.com [omitted]
[debug] [2023-04-01T21:12:22.103Z] <<< [apiv2][status] GET https://serviceusage.googleapis.com/v1/projects/dashlife-18e38/services/cloudfunctions.googleapis.com 200
[debug] [2023-04-01T21:12:22.103Z] <<< [apiv2][body] GET https://serviceusage.googleapis.com/v1/projects/dashlife-18e38/services/cloudfunctions.googleapis.com [omitted]
[debug] [2023-04-01T21:12:22.104Z] >>> [apiv2][query] POST https://serviceusage.googleapis.com/v1/projects/dashlife-18e38/services/cloudfunctions.googleapis.com:enable [none]
[debug] [2023-04-01T21:12:22.104Z] >>> [apiv2][(partial)header] POST https://serviceusage.googleapis.com/v1/projects/dashlife-18e38/services/cloudfunctions.googleapis.com:enable x-goog-quota-user=projects/dashlife-18e38
[debug] [2023-04-01T21:12:24.232Z] <<< [apiv2][status] POST https://serviceusage.googleapis.com/v1/projects/dashlife-18e38/services/cloudfunctions.googleapis.com:enable 200
[debug] [2023-04-01T21:12:24.232Z] <<< [apiv2][body] POST https://serviceusage.googleapis.com/v1/projects/dashlife-18e38/services/cloudfunctions.googleapis.com:enable [omitted]
